<?xml version="1.0" encoding="UTF-8"?>
<!-- Generated by org.testng.reporters.JUnitReportReporter -->
<testsuite hostname="Chandan-PC" failures="0" tests="2" name="com.viteger.comcast.Organization.Reports" time="35.662" errors="0" timestamp="2021-08-25T15:51:37 IST" skipped="0">
  <testcase classname="com.viteger.comcast.Organization.Reports" name="home" time="14.592"/>
  <system-out/>
  <testcase classname="com.viteger.comcast.Organization.Reports" name="organization" time="21.070"/>
  <system-out/>
</testsuite> <!-- com.viteger.comcast.Organization.Reports -->
